{"name":"setup","status":"failed","statusDetails":{"known":false,"muted":false,"flaky":false,"message":"Setup error.","trace":"java.lang.AssertionError: Setup error.\r\n\tat org.testng.Assert.fail(Assert.java:85)\r\n\tat br.com.santander.frm.base.TestBase.setup(TestBase.java:45)\r\n\tat com.br.inmetrics.phpSuppliers.Testes.LoginTest.setup(LoginTest.java:40)\r\n\tat sun.reflect.NativeMethodAccessorImpl.invoke0(Native Method)\r\n\tat sun.reflect.NativeMethodAccessorImpl.invoke(Unknown Source)\r\n\tat sun.reflect.DelegatingMethodAccessorImpl.invoke(Unknown Source)\r\n\tat java.lang.reflect.Method.invoke(Unknown Source)\r\n\tat org.testng.internal.MethodInvocationHelper.invokeMethod(MethodInvocationHelper.java:124)\r\n\tat org.testng.internal.MethodInvocationHelper.invokeMethodConsideringTimeout(MethodInvocationHelper.java:59)\r\n\tat org.testng.internal.Invoker.invokeConfigurationMethod(Invoker.java:458)\r\n\tat org.testng.internal.Invoker.invokeConfigurations(Invoker.java:222)\r\n\tat org.testng.internal.Invoker.invokeMethod(Invoker.java:523)\r\n\tat org.testng.internal.Invoker.invokeTestMethod(Invoker.java:719)\r\n\tat org.testng.internal.Invoker.invokeTestMethods(Invoker.java:989)\r\n\tat org.testng.internal.TestMethodWorker.invokeTestMethods(TestMethodWorker.java:125)\r\n\tat org.testng.internal.TestMethodWorker.run(TestMethodWorker.java:109)\r\n\tat org.testng.TestRunner.privateRun(TestRunner.java:648)\r\n\tat org.testng.TestRunner.run(TestRunner.java:505)\r\n\tat org.testng.SuiteRunner.runTest(SuiteRunner.java:455)\r\n\tat org.testng.SuiteRunner.runSequentially(SuiteRunner.java:450)\r\n\tat org.testng.SuiteRunner.privateRun(SuiteRunner.java:415)\r\n\tat org.testng.SuiteRunner.run(SuiteRunner.java:364)\r\n\tat org.testng.SuiteRunnerWorker.runSuite(SuiteRunnerWorker.java:52)\r\n\tat org.testng.SuiteRunnerWorker.run(SuiteRunnerWorker.java:84)\r\n\tat org.testng.TestNG.runSuitesSequentially(TestNG.java:1208)\r\n\tat org.testng.TestNG.runSuitesLocally(TestNG.java:1137)\r\n\tat org.testng.TestNG.runSuites(TestNG.java:1049)\r\n\tat org.testng.TestNG.run(TestNG.java:1017)\r\n\tat org.testng.remote.AbstractRemoteTestNG.run(AbstractRemoteTestNG.java:115)\r\n\tat org.testng.remote.RemoteTestNG.initAndRun(RemoteTestNG.java:251)\r\n\tat org.testng.remote.RemoteTestNG.main(RemoteTestNG.java:77)\r\nCaused by: br.com.santander.frm.exceptions.GherkinDuplicateStepException: Duplicated step [Estiver na pagina de login] was found.\r\n\tat br.com.santander.frm.helpers.GherkinHelper.getSteps(GherkinHelper.java:164)\r\n\tat br.com.santander.frm.bdd.Gherkin.<init>(Gherkin.java:78)\r\n\tat br.com.santander.frm.bdd.Gherkin.createOrInstance(Gherkin.java:102)\r\n\tat br.com.santander.frm.base.DefaultBaseController.initializeController(DefaultBaseController.java:72)\r\n\tat br.com.santander.frm.helpers.TestBaseHelper.doBefore(TestBaseHelper.java:148)\r\n\tat br.com.santander.frm.base.TestBase.setup(TestBase.java:41)\r\n\t... 29 more\r\n"},"stage":"finished","steps":[],"attachments":[],"parameters":[{"name":"arg0","value":"public void com.br.inmetrics.phpSuppliers.Testes.LoginTest.login_admin()"},{"name":"arg1","value":"org.testng.TestRunner@41a0aa7d"}],"start":1567170272889,"stop":1567170272892,"uuid":"4f26044a-795f-48a3-9c6b-69701b50ec94","historyId":"e9357df97af65fb3bebd79c5660da593","fullName":"com.br.inmetrics.phpSuppliers.Testes.LoginTest.setup","labels":[{"name":"package","value":"com.br.inmetrics.phpSuppliers.Testes.LoginTest"},{"name":"testClass","value":"com.br.inmetrics.phpSuppliers.Testes.LoginTest"},{"name":"testMethod","value":"setup"},{"name":"parentSuite","value":"Default suite"},{"name":"suite","value":"Default test"},{"name":"subSuite","value":"com.br.inmetrics.phpSuppliers.Testes.LoginTest"},{"name":"host","value":"LP1124"},{"name":"thread","value":"8484@LP1124.main(1)"},{"name":"framework","value":"testng"},{"name":"language","value":"java"}],"links":[]}