{"name":"login_admin","status":"failed","statusDetails":{"known":false,"muted":false,"flaky":false,"message":"Deu Ruim","trace":"java.lang.AssertionError: Deu Ruim\r\n\tat org.testng.Assert.fail(Assert.java:85)\r\n\tat com.br.inmetrics.phpSuppliers.Testes.Test_phpSuppliers_Cadastro.login_admin(Test_phpSuppliers_Cadastro.java:32)\r\n\tat sun.reflect.NativeMethodAccessorImpl.invoke0(Native Method)\r\n\tat sun.reflect.NativeMethodAccessorImpl.invoke(Unknown Source)\r\n\tat sun.reflect.DelegatingMethodAccessorImpl.invoke(Unknown Source)\r\n\tat java.lang.reflect.Method.invoke(Unknown Source)\r\n\tat org.testng.internal.MethodInvocationHelper.invokeMethod(MethodInvocationHelper.java:124)\r\n\tat org.testng.internal.Invoker.invokeMethod(Invoker.java:583)\r\n\tat org.testng.internal.Invoker.invokeTestMethod(Invoker.java:719)\r\n\tat org.testng.internal.Invoker.invokeTestMethods(Invoker.java:989)\r\n\tat org.testng.internal.TestMethodWorker.invokeTestMethods(TestMethodWorker.java:125)\r\n\tat org.testng.internal.TestMethodWorker.run(TestMethodWorker.java:109)\r\n\tat org.testng.TestRunner.privateRun(TestRunner.java:648)\r\n\tat org.testng.TestRunner.run(TestRunner.java:505)\r\n\tat org.testng.SuiteRunner.runTest(SuiteRunner.java:455)\r\n\tat org.testng.SuiteRunner.runSequentially(SuiteRunner.java:450)\r\n\tat org.testng.SuiteRunner.privateRun(SuiteRunner.java:415)\r\n\tat org.testng.SuiteRunner.run(SuiteRunner.java:364)\r\n\tat org.testng.SuiteRunnerWorker.runSuite(SuiteRunnerWorker.java:52)\r\n\tat org.testng.SuiteRunnerWorker.run(SuiteRunnerWorker.java:84)\r\n\tat org.testng.TestNG.runSuitesSequentially(TestNG.java:1208)\r\n\tat org.testng.TestNG.runSuitesLocally(TestNG.java:1137)\r\n\tat org.testng.TestNG.runSuites(TestNG.java:1049)\r\n\tat org.testng.TestNG.run(TestNG.java:1017)\r\n\tat org.testng.remote.AbstractRemoteTestNG.run(AbstractRemoteTestNG.java:115)\r\n\tat org.testng.remote.RemoteTestNG.initAndRun(RemoteTestNG.java:251)\r\n\tat org.testng.remote.RemoteTestNG.main(RemoteTestNG.java:77)\r\nCaused by: java.util.concurrent.ExecutionException: java.lang.reflect.InvocationTargetException\r\n\tat br.com.santander.frm.bdd.Gherkin.executeScenario_(Gherkin.java:341)\r\n\tat com.br.inmetrics.phpSuppliers.Testes.Test_phpSuppliers_Cadastro.login_admin(Test_phpSuppliers_Cadastro.java:27)\r\n\t... 25 more\r\nCaused by: java.lang.reflect.InvocationTargetException\r\n\tat sun.reflect.NativeMethodAccessorImpl.invoke0(Native Method)\r\n\tat sun.reflect.NativeMethodAccessorImpl.invoke(Unknown Source)\r\n\tat sun.reflect.DelegatingMethodAccessorImpl.invoke(Unknown Source)\r\n\tat java.lang.reflect.Method.invoke(Unknown Source)\r\n\tat br.com.santander.frm.helpers.GherkinHelper.invokeScenario(GherkinHelper.java:220)\r\n\tat br.com.santander.frm.bdd.Gherkin.executeScenario_(Gherkin.java:322)\r\n\t... 26 more\r\nCaused by: java.util.concurrent.ExecutionException: java.lang.reflect.InvocationTargetException\r\n\tat br.com.santander.frm.bdd.Gherkin.execute_(Gherkin.java:186)\r\n\tat com.br.inmetrics.phpSuppliers.Features.Feature_phpSuppliers_Cadastro.loginAdmin(Feature_phpSuppliers_Cadastro.java:16)\r\n\t... 32 more\r\nCaused by: java.lang.reflect.InvocationTargetException\r\n\tat sun.reflect.NativeMethodAccessorImpl.invoke0(Native Method)\r\n\tat sun.reflect.NativeMethodAccessorImpl.invoke(Unknown Source)\r\n\tat sun.reflect.DelegatingMethodAccessorImpl.invoke(Unknown Source)\r\n\tat java.lang.reflect.Method.invoke(Unknown Source)\r\n\tat br.com.santander.frm.bdd.Gherkin.executeStep_(Gherkin.java:222)\r\n\tat br.com.santander.frm.bdd.Gherkin.execute_(Gherkin.java:180)\r\n\t... 33 more\r\nCaused by: org.openqa.selenium.TimeoutException: Expected condition failed: waiting for presence of element located by: By.chained({By.xpath: //ul[@class='collapse wow fadeIn animated list-unstyled']}) (tried for 10 second(s) with 1000 milliseconds interval)\r\n\tat org.openqa.selenium.support.ui.FluentWait.timeoutException(FluentWait.java:303)\r\n\tat org.openqa.selenium.support.ui.FluentWait.until(FluentWait.java:271)\r\n\tat br.com.santander.frm.helpers.ElementHelper.waitUntilElementExists(ElementHelper.java:196)\r\n\tat br.com.santander.frm.base.PageBase.waitUntilElementExists(PageBase.java:188)\r\n\tat com.br.inmetrics.phpSuppliers.Pages.Page_phpSuppliers_Cadastro.nova_suppliers(Page_phpSuppliers_Cadastro.java:66)\r\n\tat com.br.inmetrics.phpSuppliers.Steps.Step_phpSuppliers_Cadastro.acessar_form(Step_phpSuppliers_Cadastro.java:44)\r\n\t... 39 more\r\nCaused by: org.openqa.selenium.NoSuchElementException: Cannot locate an element using By.chained({By.xpath: //ul[@class='collapse wow fadeIn animated list-unstyled']})\nFor documentation on this error, please visit: http://seleniumhq.org/exceptions/no_such_element.html\nBuild info: version: '3.12.0', revision: '7c6e0b3', time: '2018-05-08T14:04:26.12Z'\nSystem info: host: 'LP1124', ip: '10.20.1.47', os.name: 'Windows 10', os.arch: 'amd64', os.version: '10.0', java.version: '1.8.0_221'\nDriver info: driver.version: unknown\r\n\tat org.openqa.selenium.support.ui.ExpectedConditions.lambda$findElement$0(ExpectedConditions.java:896)\r\n\tat java.util.Optional.orElseThrow(Unknown Source)\r\n\tat org.openqa.selenium.support.ui.ExpectedConditions.findElement(ExpectedConditions.java:895)\r\n\tat org.openqa.selenium.support.ui.ExpectedConditions.access$000(ExpectedConditions.java:44)\r\n\tat org.openqa.selenium.support.ui.ExpectedConditions$6.apply(ExpectedConditions.java:183)\r\n\tat org.openqa.selenium.support.ui.ExpectedConditions$6.apply(ExpectedConditions.java:180)\r\n\tat org.openqa.selenium.support.ui.FluentWait.until(FluentWait.java:248)\r\n\t... 43 more\r\n"},"stage":"finished","steps":[{"name":"Estando logado como admin","status":"passed","stage":"finished","steps":[],"attachments":[],"parameters":[],"start":1567104766733,"stop":1567104771599},{"name":"criar nova supplier","status":"broken","statusDetails":{"known":false,"muted":false,"flaky":false,"message":"java.lang.reflect.InvocationTargetException","trace":"java.lang.reflect.InvocationTargetException\r\n\tat sun.reflect.NativeMethodAccessorImpl.invoke0(Native Method)\r\n\tat sun.reflect.NativeMethodAccessorImpl.invoke(Unknown Source)\r\n\tat sun.reflect.DelegatingMethodAccessorImpl.invoke(Unknown Source)\r\n\tat java.lang.reflect.Method.invoke(Unknown Source)\r\n\tat br.com.santander.frm.bdd.Gherkin.executeStep_(Gherkin.java:222)\r\n\tat br.com.santander.frm.bdd.Gherkin.execute_(Gherkin.java:180)\r\n\tat com.br.inmetrics.phpSuppliers.Features.Feature_phpSuppliers_Cadastro.loginAdmin(Feature_phpSuppliers_Cadastro.java:16)\r\n\tat sun.reflect.NativeMethodAccessorImpl.invoke0(Native Method)\r\n\tat sun.reflect.NativeMethodAccessorImpl.invoke(Unknown Source)\r\n\tat sun.reflect.DelegatingMethodAccessorImpl.invoke(Unknown Source)\r\n\tat java.lang.reflect.Method.invoke(Unknown Source)\r\n\tat br.com.santander.frm.helpers.GherkinHelper.invokeScenario(GherkinHelper.java:220)\r\n\tat br.com.santander.frm.bdd.Gherkin.executeScenario_(Gherkin.java:322)\r\n\tat com.br.inmetrics.phpSuppliers.Testes.Test_phpSuppliers_Cadastro.login_admin(Test_phpSuppliers_Cadastro.java:27)\r\n\tat sun.reflect.NativeMethodAccessorImpl.invoke0(Native Method)\r\n\tat sun.reflect.NativeMethodAccessorImpl.invoke(Unknown Source)\r\n\tat sun.reflect.DelegatingMethodAccessorImpl.invoke(Unknown Source)\r\n\tat java.lang.reflect.Method.invoke(Unknown Source)\r\n\tat org.testng.internal.MethodInvocationHelper.invokeMethod(MethodInvocationHelper.java:124)\r\n\tat org.testng.internal.Invoker.invokeMethod(Invoker.java:583)\r\n\tat org.testng.internal.Invoker.invokeTestMethod(Invoker.java:719)\r\n\tat org.testng.internal.Invoker.invokeTestMethods(Invoker.java:989)\r\n\tat org.testng.internal.TestMethodWorker.invokeTestMethods(TestMethodWorker.java:125)\r\n\tat org.testng.internal.TestMethodWorker.run(TestMethodWorker.java:109)\r\n\tat org.testng.TestRunner.privateRun(TestRunner.java:648)\r\n\tat org.testng.TestRunner.run(TestRunner.java:505)\r\n\tat org.testng.SuiteRunner.runTest(SuiteRunner.java:455)\r\n\tat org.testng.SuiteRunner.runSequentially(SuiteRunner.java:450)\r\n\tat org.testng.SuiteRunner.privateRun(SuiteRunner.java:415)\r\n\tat org.testng.SuiteRunner.run(SuiteRunner.java:364)\r\n\tat org.testng.SuiteRunnerWorker.runSuite(SuiteRunnerWorker.java:52)\r\n\tat org.testng.SuiteRunnerWorker.run(SuiteRunnerWorker.java:84)\r\n\tat org.testng.TestNG.runSuitesSequentially(TestNG.java:1208)\r\n\tat org.testng.TestNG.runSuitesLocally(TestNG.java:1137)\r\n\tat org.testng.TestNG.runSuites(TestNG.java:1049)\r\n\tat org.testng.TestNG.run(TestNG.java:1017)\r\n\tat org.testng.remote.AbstractRemoteTestNG.run(AbstractRemoteTestNG.java:115)\r\n\tat org.testng.remote.RemoteTestNG.initAndRun(RemoteTestNG.java:251)\r\n\tat org.testng.remote.RemoteTestNG.main(RemoteTestNG.java:77)\r\nCaused by: org.openqa.selenium.TimeoutException: Expected condition failed: waiting for presence of element located by: By.chained({By.xpath: //ul[@class='collapse wow fadeIn animated list-unstyled']}) (tried for 10 second(s) with 1000 milliseconds interval)\r\n\tat org.openqa.selenium.support.ui.FluentWait.timeoutException(FluentWait.java:303)\r\n\tat org.openqa.selenium.support.ui.FluentWait.until(FluentWait.java:271)\r\n\tat br.com.santander.frm.helpers.ElementHelper.waitUntilElementExists(ElementHelper.java:196)\r\n\tat br.com.santander.frm.base.PageBase.waitUntilElementExists(PageBase.java:188)\r\n\tat com.br.inmetrics.phpSuppliers.Pages.Page_phpSuppliers_Cadastro.nova_suppliers(Page_phpSuppliers_Cadastro.java:66)\r\n\tat com.br.inmetrics.phpSuppliers.Steps.Step_phpSuppliers_Cadastro.acessar_form(Step_phpSuppliers_Cadastro.java:44)\r\n\t... 39 more\r\nCaused by: org.openqa.selenium.NoSuchElementException: Cannot locate an element using By.chained({By.xpath: //ul[@class='collapse wow fadeIn animated list-unstyled']})\nFor documentation on this error, please visit: http://seleniumhq.org/exceptions/no_such_element.html\nBuild info: version: '3.12.0', revision: '7c6e0b3', time: '2018-05-08T14:04:26.12Z'\nSystem info: host: 'LP1124', ip: '10.20.1.47', os.name: 'Windows 10', os.arch: 'amd64', os.version: '10.0', java.version: '1.8.0_221'\nDriver info: driver.version: unknown\r\n\tat org.openqa.selenium.support.ui.ExpectedConditions.lambda$findElement$0(ExpectedConditions.java:896)\r\n\tat java.util.Optional.orElseThrow(Unknown Source)\r\n\tat org.openqa.selenium.support.ui.ExpectedConditions.findElement(ExpectedConditions.java:895)\r\n\tat org.openqa.selenium.support.ui.ExpectedConditions.access$000(ExpectedConditions.java:44)\r\n\tat org.openqa.selenium.support.ui.ExpectedConditions$6.apply(ExpectedConditions.java:183)\r\n\tat org.openqa.selenium.support.ui.ExpectedConditions$6.apply(ExpectedConditions.java:180)\r\n\tat org.openqa.selenium.support.ui.FluentWait.until(FluentWait.java:248)\r\n\t... 43 more\r\n"},"stage":"finished","steps":[],"attachments":[],"parameters":[],"start":1567104771600,"stop":1567104781781},{"name":"Exception on scenario execution","status":"failed","stage":"finished","steps":[],"attachments":[],"parameters":[],"start":1567104781782,"stop":1567104781783}],"attachments":[],"parameters":[],"start":1567104766726,"stop":1567104781800,"uuid":"7004632b-730a-4b6c-b8bb-21229b6d4181","historyId":"dfe364fe56a43dab5e9d0159c382691e","fullName":"com.br.inmetrics.phpSuppliers.Testes.Test_phpSuppliers_Cadastro.login_admin","labels":[{"name":"package","value":"com.br.inmetrics.phpSuppliers.Testes.Test_phpSuppliers_Cadastro"},{"name":"testClass","value":"com.br.inmetrics.phpSuppliers.Testes.Test_phpSuppliers_Cadastro"},{"name":"testMethod","value":"login_admin"},{"name":"parentSuite","value":"Default suite"},{"name":"suite","value":"Default test"},{"name":"subSuite","value":"com.br.inmetrics.phpSuppliers.Testes.Test_phpSuppliers_Cadastro"},{"name":"host","value":"LP1124"},{"name":"thread","value":"14708@LP1124.main(1)"},{"name":"framework","value":"testng"},{"name":"language","value":"java"}],"links":[]}