{"name":"CT1_CadastroPHPTravel","status":"failed","statusDetails":{"known":false,"muted":false,"flaky":false,"message":"Test Error","trace":"java.lang.AssertionError: Test Error\r\n\tat org.testng.Assert.fail(Assert.java:85)\r\n\tat com.br.inmetrics.tests.php.TestCadastro.CT1_CadastroPHPTravel(TestCadastro.java:36)\r\n\tat sun.reflect.NativeMethodAccessorImpl.invoke0(Native Method)\r\n\tat sun.reflect.NativeMethodAccessorImpl.invoke(Unknown Source)\r\n\tat sun.reflect.DelegatingMethodAccessorImpl.invoke(Unknown Source)\r\n\tat java.lang.reflect.Method.invoke(Unknown Source)\r\n\tat org.testng.internal.MethodInvocationHelper.invokeMethod(MethodInvocationHelper.java:124)\r\n\tat org.testng.internal.Invoker.invokeMethod(Invoker.java:583)\r\n\tat org.testng.internal.Invoker.invokeTestMethod(Invoker.java:719)\r\n\tat org.testng.internal.Invoker.invokeTestMethods(Invoker.java:989)\r\n\tat org.testng.internal.TestMethodWorker.invokeTestMethods(TestMethodWorker.java:125)\r\n\tat org.testng.internal.TestMethodWorker.run(TestMethodWorker.java:109)\r\n\tat org.testng.TestRunner.privateRun(TestRunner.java:648)\r\n\tat org.testng.TestRunner.run(TestRunner.java:505)\r\n\tat org.testng.SuiteRunner.runTest(SuiteRunner.java:455)\r\n\tat org.testng.SuiteRunner.runSequentially(SuiteRunner.java:450)\r\n\tat org.testng.SuiteRunner.privateRun(SuiteRunner.java:415)\r\n\tat org.testng.SuiteRunner.run(SuiteRunner.java:364)\r\n\tat org.testng.SuiteRunnerWorker.runSuite(SuiteRunnerWorker.java:52)\r\n\tat org.testng.SuiteRunnerWorker.run(SuiteRunnerWorker.java:84)\r\n\tat org.testng.TestNG.runSuitesSequentially(TestNG.java:1208)\r\n\tat org.testng.TestNG.runSuitesLocally(TestNG.java:1137)\r\n\tat org.testng.TestNG.runSuites(TestNG.java:1049)\r\n\tat org.testng.TestNG.run(TestNG.java:1017)\r\n\tat org.testng.remote.AbstractRemoteTestNG.run(AbstractRemoteTestNG.java:115)\r\n\tat org.testng.remote.RemoteTestNG.initAndRun(RemoteTestNG.java:251)\r\n\tat org.testng.remote.RemoteTestNG.main(RemoteTestNG.java:77)\r\nCaused by: java.util.concurrent.ExecutionException: java.lang.reflect.InvocationTargetException\r\n\tat br.com.santander.frm.bdd.Gherkin.executeScenario_(Gherkin.java:341)\r\n\tat com.br.inmetrics.tests.php.TestCadastro.CT1_CadastroPHPTravel(TestCadastro.java:34)\r\n\t... 25 more\r\nCaused by: java.lang.reflect.InvocationTargetException\r\n\tat sun.reflect.NativeMethodAccessorImpl.invoke0(Native Method)\r\n\tat sun.reflect.NativeMethodAccessorImpl.invoke(Unknown Source)\r\n\tat sun.reflect.DelegatingMethodAccessorImpl.invoke(Unknown Source)\r\n\tat java.lang.reflect.Method.invoke(Unknown Source)\r\n\tat br.com.santander.frm.helpers.GherkinHelper.invokeScenario(GherkinHelper.java:220)\r\n\tat br.com.santander.frm.bdd.Gherkin.executeScenario_(Gherkin.java:322)\r\n\t... 26 more\r\nCaused by: java.util.concurrent.ExecutionException: java.lang.reflect.InvocationTargetException\r\n\tat br.com.santander.frm.bdd.Gherkin.execute_(Gherkin.java:186)\r\n\tat com.br.inmetrics.features.FeatureCadastro.novo_usuario(FeatureCadastro.java:22)\r\n\t... 32 more\r\nCaused by: java.lang.reflect.InvocationTargetException\r\n\tat sun.reflect.NativeMethodAccessorImpl.invoke0(Native Method)\r\n\tat sun.reflect.NativeMethodAccessorImpl.invoke(Unknown Source)\r\n\tat sun.reflect.DelegatingMethodAccessorImpl.invoke(Unknown Source)\r\n\tat java.lang.reflect.Method.invoke(Unknown Source)\r\n\tat br.com.santander.frm.bdd.Gherkin.executeStep_(Gherkin.java:222)\r\n\tat br.com.santander.frm.bdd.Gherkin.execute_(Gherkin.java:180)\r\n\t... 33 more\r\nCaused by: br.com.santander.frm.exceptions.ElementFindException: An exception occured during element finding.\r\n\tat br.com.santander.frm.base.VirtualElement.get(VirtualElement.java:102)\r\n\tat br.com.santander.frm.base.VirtualElement.click(VirtualElement.java:177)\r\n\tat com.br.inmetrics.pages.PageCadastro.clicar_singup(PageCadastro.java:81)\r\n\tat com.br.inmetrics.steps.StepCadastro.Inserir_dados(StepCadastro.java:35)\r\n\t... 39 more\r\nCaused by: org.openqa.selenium.InvalidSelectorException: invalid selector: Unable to locate an element with the xpath expression (//button[@type='submit'])[1]] because of the following error:\nSyntaxError: Failed to execute 'evaluate' on 'Document': The string '(//button[@type='submit'])[1]]' is not a valid XPath expression.\n  (Session info: chrome=76.0.3809.100)\nFor documentation on this error, please visit: http://seleniumhq.org/exceptions/invalid_selector_exception.html\nBuild info: version: '3.12.0', revision: '7c6e0b3', time: '2018-05-08T14:04:26.12Z'\nSystem info: host: 'LP1124', ip: '10.20.1.47', os.name: 'Windows 10', os.arch: 'amd64', os.version: '10.0', java.version: '1.8.0_221'\nDriver info: org.openqa.selenium.chrome.ChromeDriver\nCapabilities {acceptInsecureCerts: false, browserName: chrome, browserVersion: 76.0.3809.100, chrome: {chromedriverVersion: 76.0.3809.126 (d80a294506b4..., userDataDir: C:\\Users\\AMANDA~1\\AppData\\L...}, goog:chromeOptions: {debuggerAddress: localhost:55939}, javascriptEnabled: true, networkConnectionEnabled: false, pageLoadStrategy: normal, platform: XP, platformName: XP, proxy: Proxy(), setWindowRect: true, strictFileInteractability: false, timeouts: {implicit: 0, pageLoad: 300000, script: 30000}, unhandledPromptBehavior: dismiss and notify}\nSession ID: 82b6487e7eb95f71535adf2a0da07355\n*** Element info: {Using=xpath, value=(//button[@type='submit'])[1]]}\r\n\tat sun.reflect.NativeConstructorAccessorImpl.newInstance0(Native Method)\r\n\tat sun.reflect.NativeConstructorAccessorImpl.newInstance(Unknown Source)\r\n\tat sun.reflect.DelegatingConstructorAccessorImpl.newInstance(Unknown Source)\r\n\tat java.lang.reflect.Constructor.newInstance(Unknown Source)\r\n\tat org.openqa.selenium.remote.http.W3CHttpResponseCodec.createException(W3CHttpResponseCodec.java:187)\r\n\tat org.openqa.selenium.remote.http.W3CHttpResponseCodec.decode(W3CHttpResponseCodec.java:122)\r\n\tat org.openqa.selenium.remote.http.W3CHttpResponseCodec.decode(W3CHttpResponseCodec.java:49)\r\n\tat org.openqa.selenium.remote.HttpCommandExecutor.execute(HttpCommandExecutor.java:158)\r\n\tat org.openqa.selenium.remote.service.DriverCommandExecutor.execute(DriverCommandExecutor.java:83)\r\n\tat org.openqa.selenium.remote.RemoteWebDriver.execute(RemoteWebDriver.java:543)\r\n\tat org.openqa.selenium.remote.RemoteWebDriver.findElements(RemoteWebDriver.java:344)\r\n\tat org.openqa.selenium.remote.RemoteWebDriver.findElementsByXPath(RemoteWebDriver.java:423)\r\n\tat org.openqa.selenium.By$ByXPath.findElements(By.java:348)\r\n\tat org.openqa.selenium.support.pagefactory.ByChained.findElements(ByChained.java:69)\r\n\tat org.openqa.selenium.support.pagefactory.ByChained.findElements(ByChained.java:69)\r\n\tat org.openqa.selenium.support.pagefactory.ByChained.findElement(ByChained.java:52)\r\n\tat org.openqa.selenium.remote.RemoteWebDriver.findElement(RemoteWebDriver.java:309)\r\n\tat br.com.santander.frm.base.VirtualElement$1.<init>(VirtualElement.java:696)\r\n\tat br.com.santander.frm.base.VirtualElement.get(VirtualElement.java:694)\r\n\tat br.com.santander.frm.base.VirtualElement.findElement(VirtualElement.java:625)\r\n\tat br.com.santander.frm.base.VirtualElement.get(VirtualElement.java:98)\r\n\t... 42 more\r\n"},"stage":"finished","steps":[{"name":"Estando na p√°gina de Sing Up","status":"passed","stage":"finished","steps":[{"name":"Tela Cadastro","stage":"finished","steps":[],"attachments":[],"parameters":[],"start":1566580788807,"stop":1566580788808}],"attachments":[],"parameters":[],"start":1566580777168,"stop":1566580788812},{"name":"Inserir os dados 'First_Name', 'Last_Name', 'Mobile_Number', 'Email', 'Password' e 'Confirm_Password'","status":"broken","statusDetails":{"known":false,"muted":false,"flaky":false,"message":"java.lang.reflect.InvocationTargetException","trace":"java.lang.reflect.InvocationTargetException\r\n\tat sun.reflect.NativeMethodAccessorImpl.invoke0(Native Method)\r\n\tat sun.reflect.NativeMethodAccessorImpl.invoke(Unknown Source)\r\n\tat sun.reflect.DelegatingMethodAccessorImpl.invoke(Unknown Source)\r\n\tat java.lang.reflect.Method.invoke(Unknown Source)\r\n\tat br.com.santander.frm.bdd.Gherkin.executeStep_(Gherkin.java:222)\r\n\tat br.com.santander.frm.bdd.Gherkin.execute_(Gherkin.java:180)\r\n\tat com.br.inmetrics.features.FeatureCadastro.novo_usuario(FeatureCadastro.java:22)\r\n\tat sun.reflect.NativeMethodAccessorImpl.invoke0(Native Method)\r\n\tat sun.reflect.NativeMethodAccessorImpl.invoke(Unknown Source)\r\n\tat sun.reflect.DelegatingMethodAccessorImpl.invoke(Unknown Source)\r\n\tat java.lang.reflect.Method.invoke(Unknown Source)\r\n\tat br.com.santander.frm.helpers.GherkinHelper.invokeScenario(GherkinHelper.java:220)\r\n\tat br.com.santander.frm.bdd.Gherkin.executeScenario_(Gherkin.java:322)\r\n\tat com.br.inmetrics.tests.php.TestCadastro.CT1_CadastroPHPTravel(TestCadastro.java:34)\r\n\tat sun.reflect.NativeMethodAccessorImpl.invoke0(Native Method)\r\n\tat sun.reflect.NativeMethodAccessorImpl.invoke(Unknown Source)\r\n\tat sun.reflect.DelegatingMethodAccessorImpl.invoke(Unknown Source)\r\n\tat java.lang.reflect.Method.invoke(Unknown Source)\r\n\tat org.testng.internal.MethodInvocationHelper.invokeMethod(MethodInvocationHelper.java:124)\r\n\tat org.testng.internal.Invoker.invokeMethod(Invoker.java:583)\r\n\tat org.testng.internal.Invoker.invokeTestMethod(Invoker.java:719)\r\n\tat org.testng.internal.Invoker.invokeTestMethods(Invoker.java:989)\r\n\tat org.testng.internal.TestMethodWorker.invokeTestMethods(TestMethodWorker.java:125)\r\n\tat org.testng.internal.TestMethodWorker.run(TestMethodWorker.java:109)\r\n\tat org.testng.TestRunner.privateRun(TestRunner.java:648)\r\n\tat org.testng.TestRunner.run(TestRunner.java:505)\r\n\tat org.testng.SuiteRunner.runTest(SuiteRunner.java:455)\r\n\tat org.testng.SuiteRunner.runSequentially(SuiteRunner.java:450)\r\n\tat org.testng.SuiteRunner.privateRun(SuiteRunner.java:415)\r\n\tat org.testng.SuiteRunner.run(SuiteRunner.java:364)\r\n\tat org.testng.SuiteRunnerWorker.runSuite(SuiteRunnerWorker.java:52)\r\n\tat org.testng.SuiteRunnerWorker.run(SuiteRunnerWorker.java:84)\r\n\tat org.testng.TestNG.runSuitesSequentially(TestNG.java:1208)\r\n\tat org.testng.TestNG.runSuitesLocally(TestNG.java:1137)\r\n\tat org.testng.TestNG.runSuites(TestNG.java:1049)\r\n\tat org.testng.TestNG.run(TestNG.java:1017)\r\n\tat org.testng.remote.AbstractRemoteTestNG.run(AbstractRemoteTestNG.java:115)\r\n\tat org.testng.remote.RemoteTestNG.initAndRun(RemoteTestNG.java:251)\r\n\tat org.testng.remote.RemoteTestNG.main(RemoteTestNG.java:77)\r\nCaused by: br.com.santander.frm.exceptions.ElementFindException: An exception occured during element finding.\r\n\tat br.com.santander.frm.base.VirtualElement.get(VirtualElement.java:102)\r\n\tat br.com.santander.frm.base.VirtualElement.click(VirtualElement.java:177)\r\n\tat com.br.inmetrics.pages.PageCadastro.clicar_singup(PageCadastro.java:81)\r\n\tat com.br.inmetrics.steps.StepCadastro.Inserir_dados(StepCadastro.java:35)\r\n\t... 39 more\r\nCaused by: org.openqa.selenium.InvalidSelectorException: invalid selector: Unable to locate an element with the xpath expression (//button[@type='submit'])[1]] because of the following error:\nSyntaxError: Failed to execute 'evaluate' on 'Document': The string '(//button[@type='submit'])[1]]' is not a valid XPath expression.\n  (Session info: chrome=76.0.3809.100)\nFor documentation on this error, please visit: http://seleniumhq.org/exceptions/invalid_selector_exception.html\nBuild info: version: '3.12.0', revision: '7c6e0b3', time: '2018-05-08T14:04:26.12Z'\nSystem info: host: 'LP1124', ip: '10.20.1.47', os.name: 'Windows 10', os.arch: 'amd64', os.version: '10.0', java.version: '1.8.0_221'\nDriver info: org.openqa.selenium.chrome.ChromeDriver\nCapabilities {acceptInsecureCerts: false, browserName: chrome, browserVersion: 76.0.3809.100, chrome: {chromedriverVersion: 76.0.3809.126 (d80a294506b4..., userDataDir: C:\\Users\\AMANDA~1\\AppData\\L...}, goog:chromeOptions: {debuggerAddress: localhost:55939}, javascriptEnabled: true, networkConnectionEnabled: false, pageLoadStrategy: normal, platform: XP, platformName: XP, proxy: Proxy(), setWindowRect: true, strictFileInteractability: false, timeouts: {implicit: 0, pageLoad: 300000, script: 30000}, unhandledPromptBehavior: dismiss and notify}\nSession ID: 82b6487e7eb95f71535adf2a0da07355\n*** Element info: {Using=xpath, value=(//button[@type='submit'])[1]]}\r\n\tat sun.reflect.NativeConstructorAccessorImpl.newInstance0(Native Method)\r\n\tat sun.reflect.NativeConstructorAccessorImpl.newInstance(Unknown Source)\r\n\tat sun.reflect.DelegatingConstructorAccessorImpl.newInstance(Unknown Source)\r\n\tat java.lang.reflect.Constructor.newInstance(Unknown Source)\r\n\tat org.openqa.selenium.remote.http.W3CHttpResponseCodec.createException(W3CHttpResponseCodec.java:187)\r\n\tat org.openqa.selenium.remote.http.W3CHttpResponseCodec.decode(W3CHttpResponseCodec.java:122)\r\n\tat org.openqa.selenium.remote.http.W3CHttpResponseCodec.decode(W3CHttpResponseCodec.java:49)\r\n\tat org.openqa.selenium.remote.HttpCommandExecutor.execute(HttpCommandExecutor.java:158)\r\n\tat org.openqa.selenium.remote.service.DriverCommandExecutor.execute(DriverCommandExecutor.java:83)\r\n\tat org.openqa.selenium.remote.RemoteWebDriver.execute(RemoteWebDriver.java:543)\r\n\tat org.openqa.selenium.remote.RemoteWebDriver.findElements(RemoteWebDriver.java:344)\r\n\tat org.openqa.selenium.remote.RemoteWebDriver.findElementsByXPath(RemoteWebDriver.java:423)\r\n\tat org.openqa.selenium.By$ByXPath.findElements(By.java:348)\r\n\tat org.openqa.selenium.support.pagefactory.ByChained.findElements(ByChained.java:69)\r\n\tat org.openqa.selenium.support.pagefactory.ByChained.findElements(ByChained.java:69)\r\n\tat org.openqa.selenium.support.pagefactory.ByChained.findElement(ByChained.java:52)\r\n\tat org.openqa.selenium.remote.RemoteWebDriver.findElement(RemoteWebDriver.java:309)\r\n\tat br.com.santander.frm.base.VirtualElement$1.<init>(VirtualElement.java:696)\r\n\tat br.com.santander.frm.base.VirtualElement.get(VirtualElement.java:694)\r\n\tat br.com.santander.frm.base.VirtualElement.findElement(VirtualElement.java:625)\r\n\tat br.com.santander.frm.base.VirtualElement.get(VirtualElement.java:98)\r\n\t... 42 more\r\n"},"stage":"finished","steps":[],"attachments":[],"parameters":[],"start":1566580788813,"stop":1566580789748},{"name":"Exception on scenario execution","status":"failed","stage":"finished","steps":[],"attachments":[],"parameters":[],"start":1566580789748,"stop":1566580789749}],"attachments":[],"parameters":[],"start":1566580777161,"stop":1566580790133,"uuid":"d48fd673-1bea-4be9-b78d-44e3d5242de5","historyId":"edc5e8d9c7f5fed4ee6558f320df4cc0","fullName":"com.br.inmetrics.tests.php.TestCadastro.CT1_CadastroPHPTravel","labels":[{"name":"package","value":"com.br.inmetrics.tests.php.TestCadastro"},{"name":"testClass","value":"com.br.inmetrics.tests.php.TestCadastro"},{"name":"testMethod","value":"CT1_CadastroPHPTravel"},{"name":"parentSuite","value":"Default suite"},{"name":"suite","value":"Default test"},{"name":"subSuite","value":"com.br.inmetrics.tests.php.TestCadastro"},{"name":"host","value":"LP1124"},{"name":"thread","value":"10052@LP1124.main(1)"},{"name":"framework","value":"testng"},{"name":"language","value":"java"}],"links":[]}