{"name":"CT1_CadastroPHPTravel","status":"failed","statusDetails":{"known":false,"muted":false,"flaky":false,"message":"Test Error","trace":"java.lang.AssertionError: Test Error\r\n\tat org.testng.Assert.fail(Assert.java:85)\r\n\tat com.br.inmetrics.tests.php.TestCadastro.CT1_CadastroPHPTravel(TestCadastro.java:36)\r\n\tat sun.reflect.NativeMethodAccessorImpl.invoke0(Native Method)\r\n\tat sun.reflect.NativeMethodAccessorImpl.invoke(Unknown Source)\r\n\tat sun.reflect.DelegatingMethodAccessorImpl.invoke(Unknown Source)\r\n\tat java.lang.reflect.Method.invoke(Unknown Source)\r\n\tat org.testng.internal.MethodInvocationHelper.invokeMethod(MethodInvocationHelper.java:124)\r\n\tat org.testng.internal.Invoker.invokeMethod(Invoker.java:583)\r\n\tat org.testng.internal.Invoker.invokeTestMethod(Invoker.java:719)\r\n\tat org.testng.internal.Invoker.invokeTestMethods(Invoker.java:989)\r\n\tat org.testng.internal.TestMethodWorker.invokeTestMethods(TestMethodWorker.java:125)\r\n\tat org.testng.internal.TestMethodWorker.run(TestMethodWorker.java:109)\r\n\tat org.testng.TestRunner.privateRun(TestRunner.java:648)\r\n\tat org.testng.TestRunner.run(TestRunner.java:505)\r\n\tat org.testng.SuiteRunner.runTest(SuiteRunner.java:455)\r\n\tat org.testng.SuiteRunner.runSequentially(SuiteRunner.java:450)\r\n\tat org.testng.SuiteRunner.privateRun(SuiteRunner.java:415)\r\n\tat org.testng.SuiteRunner.run(SuiteRunner.java:364)\r\n\tat org.testng.SuiteRunnerWorker.runSuite(SuiteRunnerWorker.java:52)\r\n\tat org.testng.SuiteRunnerWorker.run(SuiteRunnerWorker.java:84)\r\n\tat org.testng.TestNG.runSuitesSequentially(TestNG.java:1208)\r\n\tat org.testng.TestNG.runSuitesLocally(TestNG.java:1137)\r\n\tat org.testng.TestNG.runSuites(TestNG.java:1049)\r\n\tat org.testng.TestNG.run(TestNG.java:1017)\r\n\tat org.testng.remote.AbstractRemoteTestNG.run(AbstractRemoteTestNG.java:115)\r\n\tat org.testng.remote.RemoteTestNG.initAndRun(RemoteTestNG.java:251)\r\n\tat org.testng.remote.RemoteTestNG.main(RemoteTestNG.java:77)\r\nCaused by: java.util.concurrent.ExecutionException: java.lang.reflect.InvocationTargetException\r\n\tat br.com.santander.frm.bdd.Gherkin.executeScenario_(Gherkin.java:341)\r\n\tat com.br.inmetrics.tests.php.TestCadastro.CT1_CadastroPHPTravel(TestCadastro.java:34)\r\n\t... 25 more\r\nCaused by: java.lang.reflect.InvocationTargetException\r\n\tat sun.reflect.NativeMethodAccessorImpl.invoke0(Native Method)\r\n\tat sun.reflect.NativeMethodAccessorImpl.invoke(Unknown Source)\r\n\tat sun.reflect.DelegatingMethodAccessorImpl.invoke(Unknown Source)\r\n\tat java.lang.reflect.Method.invoke(Unknown Source)\r\n\tat br.com.santander.frm.helpers.GherkinHelper.invokeScenario(GherkinHelper.java:220)\r\n\tat br.com.santander.frm.bdd.Gherkin.executeScenario_(Gherkin.java:322)\r\n\t... 26 more\r\nCaused by: java.util.concurrent.ExecutionException: java.lang.reflect.InvocationTargetException\r\n\tat br.com.santander.frm.bdd.Gherkin.execute_(Gherkin.java:186)\r\n\tat com.br.inmetrics.features.FeatureCadastro.novo_usuario(FeatureCadastro.java:22)\r\n\t... 32 more\r\nCaused by: java.lang.reflect.InvocationTargetException\r\n\tat sun.reflect.NativeMethodAccessorImpl.invoke0(Native Method)\r\n\tat sun.reflect.NativeMethodAccessorImpl.invoke(Unknown Source)\r\n\tat sun.reflect.DelegatingMethodAccessorImpl.invoke(Unknown Source)\r\n\tat java.lang.reflect.Method.invoke(Unknown Source)\r\n\tat br.com.santander.frm.bdd.Gherkin.executeStep_(Gherkin.java:222)\r\n\tat br.com.santander.frm.bdd.Gherkin.execute_(Gherkin.java:180)\r\n\t... 33 more\r\nCaused by: org.openqa.selenium.ElementClickInterceptedException: element click intercepted: Element <button type=\"submit\" class=\"signupbtn btn_full btn btn-action btn-block btn-lg\">...</button> is not clickable at point (674, 588). Other element would receive the click: <a aria-label=\"learn more about cookies\" role=\"button\" tabindex=\"0\" class=\"cc-link\" href=\"https://www.phptravels.net/cookies-policy\" rel=\"noopener noreferrer nofollow\" target=\"_blank\">...</a>\n  (Session info: chrome=76.0.3809.100)\nBuild info: version: '3.12.0', revision: '7c6e0b3', time: '2018-05-08T14:04:26.12Z'\nSystem info: host: 'LP1124', ip: '10.20.1.47', os.name: 'Windows 10', os.arch: 'amd64', os.version: '10.0', java.version: '1.8.0_221'\nDriver info: org.openqa.selenium.chrome.ChromeDriver\nCapabilities {acceptInsecureCerts: false, browserName: chrome, browserVersion: 76.0.3809.100, chrome: {chromedriverVersion: 76.0.3809.126 (d80a294506b4..., userDataDir: C:\\Users\\AMANDA~1\\AppData\\L...}, goog:chromeOptions: {debuggerAddress: localhost:55373}, javascriptEnabled: true, networkConnectionEnabled: false, pageLoadStrategy: normal, platform: XP, platformName: XP, proxy: Proxy(), setWindowRect: true, strictFileInteractability: false, timeouts: {implicit: 0, pageLoad: 300000, script: 30000}, unhandledPromptBehavior: dismiss and notify}\nSession ID: 57e66163050c8e653dc720fce905d0ad\r\n\tat sun.reflect.NativeConstructorAccessorImpl.newInstance0(Native Method)\r\n\tat sun.reflect.NativeConstructorAccessorImpl.newInstance(Unknown Source)\r\n\tat sun.reflect.DelegatingConstructorAccessorImpl.newInstance(Unknown Source)\r\n\tat java.lang.reflect.Constructor.newInstance(Unknown Source)\r\n\tat org.openqa.selenium.remote.http.W3CHttpResponseCodec.createException(W3CHttpResponseCodec.java:187)\r\n\tat org.openqa.selenium.remote.http.W3CHttpResponseCodec.decode(W3CHttpResponseCodec.java:122)\r\n\tat org.openqa.selenium.remote.http.W3CHttpResponseCodec.decode(W3CHttpResponseCodec.java:49)\r\n\tat org.openqa.selenium.remote.HttpCommandExecutor.execute(HttpCommandExecutor.java:158)\r\n\tat org.openqa.selenium.remote.service.DriverCommandExecutor.execute(DriverCommandExecutor.java:83)\r\n\tat org.openqa.selenium.remote.RemoteWebDriver.execute(RemoteWebDriver.java:543)\r\n\tat org.openqa.selenium.remote.RemoteWebElement.execute(RemoteWebElement.java:276)\r\n\tat org.openqa.selenium.remote.RemoteWebElement.click(RemoteWebElement.java:83)\r\n\tat br.com.santander.frm.base.VirtualElement.click(VirtualElement.java:177)\r\n\tat com.br.inmetrics.pages.PageCadastro.clicar_singup(PageCadastro.java:81)\r\n\tat com.br.inmetrics.steps.StepCadastro.Inserir_dados(StepCadastro.java:35)\r\n\t... 39 more\r\n"},"stage":"finished","steps":[{"name":"Estando na p√°gina de Sing Up","status":"passed","stage":"finished","steps":[{"name":"Tela Cadastro","stage":"finished","steps":[],"attachments":[],"parameters":[],"start":1566580209163,"stop":1566580209163}],"attachments":[],"parameters":[],"start":1566580201568,"stop":1566580209165},{"name":"Inserir os dados 'First_Name', 'Last_Name', 'Mobile_Number', 'Email', 'Password' e 'Confirm_Password'","status":"broken","statusDetails":{"known":false,"muted":false,"flaky":false,"message":"java.lang.reflect.InvocationTargetException","trace":"java.lang.reflect.InvocationTargetException\r\n\tat sun.reflect.NativeMethodAccessorImpl.invoke0(Native Method)\r\n\tat sun.reflect.NativeMethodAccessorImpl.invoke(Unknown Source)\r\n\tat sun.reflect.DelegatingMethodAccessorImpl.invoke(Unknown Source)\r\n\tat java.lang.reflect.Method.invoke(Unknown Source)\r\n\tat br.com.santander.frm.bdd.Gherkin.executeStep_(Gherkin.java:222)\r\n\tat br.com.santander.frm.bdd.Gherkin.execute_(Gherkin.java:180)\r\n\tat com.br.inmetrics.features.FeatureCadastro.novo_usuario(FeatureCadastro.java:22)\r\n\tat sun.reflect.NativeMethodAccessorImpl.invoke0(Native Method)\r\n\tat sun.reflect.NativeMethodAccessorImpl.invoke(Unknown Source)\r\n\tat sun.reflect.DelegatingMethodAccessorImpl.invoke(Unknown Source)\r\n\tat java.lang.reflect.Method.invoke(Unknown Source)\r\n\tat br.com.santander.frm.helpers.GherkinHelper.invokeScenario(GherkinHelper.java:220)\r\n\tat br.com.santander.frm.bdd.Gherkin.executeScenario_(Gherkin.java:322)\r\n\tat com.br.inmetrics.tests.php.TestCadastro.CT1_CadastroPHPTravel(TestCadastro.java:34)\r\n\tat sun.reflect.NativeMethodAccessorImpl.invoke0(Native Method)\r\n\tat sun.reflect.NativeMethodAccessorImpl.invoke(Unknown Source)\r\n\tat sun.reflect.DelegatingMethodAccessorImpl.invoke(Unknown Source)\r\n\tat java.lang.reflect.Method.invoke(Unknown Source)\r\n\tat org.testng.internal.MethodInvocationHelper.invokeMethod(MethodInvocationHelper.java:124)\r\n\tat org.testng.internal.Invoker.invokeMethod(Invoker.java:583)\r\n\tat org.testng.internal.Invoker.invokeTestMethod(Invoker.java:719)\r\n\tat org.testng.internal.Invoker.invokeTestMethods(Invoker.java:989)\r\n\tat org.testng.internal.TestMethodWorker.invokeTestMethods(TestMethodWorker.java:125)\r\n\tat org.testng.internal.TestMethodWorker.run(TestMethodWorker.java:109)\r\n\tat org.testng.TestRunner.privateRun(TestRunner.java:648)\r\n\tat org.testng.TestRunner.run(TestRunner.java:505)\r\n\tat org.testng.SuiteRunner.runTest(SuiteRunner.java:455)\r\n\tat org.testng.SuiteRunner.runSequentially(SuiteRunner.java:450)\r\n\tat org.testng.SuiteRunner.privateRun(SuiteRunner.java:415)\r\n\tat org.testng.SuiteRunner.run(SuiteRunner.java:364)\r\n\tat org.testng.SuiteRunnerWorker.runSuite(SuiteRunnerWorker.java:52)\r\n\tat org.testng.SuiteRunnerWorker.run(SuiteRunnerWorker.java:84)\r\n\tat org.testng.TestNG.runSuitesSequentially(TestNG.java:1208)\r\n\tat org.testng.TestNG.runSuitesLocally(TestNG.java:1137)\r\n\tat org.testng.TestNG.runSuites(TestNG.java:1049)\r\n\tat org.testng.TestNG.run(TestNG.java:1017)\r\n\tat org.testng.remote.AbstractRemoteTestNG.run(AbstractRemoteTestNG.java:115)\r\n\tat org.testng.remote.RemoteTestNG.initAndRun(RemoteTestNG.java:251)\r\n\tat org.testng.remote.RemoteTestNG.main(RemoteTestNG.java:77)\r\nCaused by: org.openqa.selenium.ElementClickInterceptedException: element click intercepted: Element <button type=\"submit\" class=\"signupbtn btn_full btn btn-action btn-block btn-lg\">...</button> is not clickable at point (674, 588). Other element would receive the click: <a aria-label=\"learn more about cookies\" role=\"button\" tabindex=\"0\" class=\"cc-link\" href=\"https://www.phptravels.net/cookies-policy\" rel=\"noopener noreferrer nofollow\" target=\"_blank\">...</a>\n  (Session info: chrome=76.0.3809.100)\nBuild info: version: '3.12.0', revision: '7c6e0b3', time: '2018-05-08T14:04:26.12Z'\nSystem info: host: 'LP1124', ip: '10.20.1.47', os.name: 'Windows 10', os.arch: 'amd64', os.version: '10.0', java.version: '1.8.0_221'\nDriver info: org.openqa.selenium.chrome.ChromeDriver\nCapabilities {acceptInsecureCerts: false, browserName: chrome, browserVersion: 76.0.3809.100, chrome: {chromedriverVersion: 76.0.3809.126 (d80a294506b4..., userDataDir: C:\\Users\\AMANDA~1\\AppData\\L...}, goog:chromeOptions: {debuggerAddress: localhost:55373}, javascriptEnabled: true, networkConnectionEnabled: false, pageLoadStrategy: normal, platform: XP, platformName: XP, proxy: Proxy(), setWindowRect: true, strictFileInteractability: false, timeouts: {implicit: 0, pageLoad: 300000, script: 30000}, unhandledPromptBehavior: dismiss and notify}\nSession ID: 57e66163050c8e653dc720fce905d0ad\r\n\tat sun.reflect.NativeConstructorAccessorImpl.newInstance0(Native Method)\r\n\tat sun.reflect.NativeConstructorAccessorImpl.newInstance(Unknown Source)\r\n\tat sun.reflect.DelegatingConstructorAccessorImpl.newInstance(Unknown Source)\r\n\tat java.lang.reflect.Constructor.newInstance(Unknown Source)\r\n\tat org.openqa.selenium.remote.http.W3CHttpResponseCodec.createException(W3CHttpResponseCodec.java:187)\r\n\tat org.openqa.selenium.remote.http.W3CHttpResponseCodec.decode(W3CHttpResponseCodec.java:122)\r\n\tat org.openqa.selenium.remote.http.W3CHttpResponseCodec.decode(W3CHttpResponseCodec.java:49)\r\n\tat org.openqa.selenium.remote.HttpCommandExecutor.execute(HttpCommandExecutor.java:158)\r\n\tat org.openqa.selenium.remote.service.DriverCommandExecutor.execute(DriverCommandExecutor.java:83)\r\n\tat org.openqa.selenium.remote.RemoteWebDriver.execute(RemoteWebDriver.java:543)\r\n\tat org.openqa.selenium.remote.RemoteWebElement.execute(RemoteWebElement.java:276)\r\n\tat org.openqa.selenium.remote.RemoteWebElement.click(RemoteWebElement.java:83)\r\n\tat br.com.santander.frm.base.VirtualElement.click(VirtualElement.java:177)\r\n\tat com.br.inmetrics.pages.PageCadastro.clicar_singup(PageCadastro.java:81)\r\n\tat com.br.inmetrics.steps.StepCadastro.Inserir_dados(StepCadastro.java:35)\r\n\t... 39 more\r\n"},"stage":"finished","steps":[],"attachments":[],"parameters":[],"start":1566580209165,"stop":1566580210124},{"name":"Exception on scenario execution","status":"failed","stage":"finished","steps":[],"attachments":[],"parameters":[],"start":1566580210125,"stop":1566580210125}],"attachments":[],"parameters":[],"start":1566580201562,"stop":1566580210522,"uuid":"3e661e3d-9923-4162-b622-2681f9d92980","historyId":"edc5e8d9c7f5fed4ee6558f320df4cc0","fullName":"com.br.inmetrics.tests.php.TestCadastro.CT1_CadastroPHPTravel","labels":[{"name":"package","value":"com.br.inmetrics.tests.php.TestCadastro"},{"name":"testClass","value":"com.br.inmetrics.tests.php.TestCadastro"},{"name":"testMethod","value":"CT1_CadastroPHPTravel"},{"name":"parentSuite","value":"Default suite"},{"name":"suite","value":"Default test"},{"name":"subSuite","value":"com.br.inmetrics.tests.php.TestCadastro"},{"name":"host","value":"LP1124"},{"name":"thread","value":"10560@LP1124.main(1)"},{"name":"framework","value":"testng"},{"name":"language","value":"java"}],"links":[]}